#
# There is insufficient memory for the Java Runtime Environment to continue.
# Native memory allocation (mmap) failed to map 130023424 bytes for G1 virtual space
# Possible reasons:
#   The system is out of physical RAM or swap space
#   The process is running with CompressedOops enabled, and the Java Heap may be blocking the growth of the native heap
# Possible solutions:
#   Reduce memory load on the system
#   Increase physical memory or swap space
#   Check if swap backing store is full
#   Decrease Java heap size (-Xmx/-Xms)
#   Decrease number of Java threads
#   Decrease Java thread stack sizes (-Xss)
#   Set larger code cache with -XX:ReservedCodeCacheSize=
#   JVM is running with Unscaled Compressed Oops mode in which the Java heap is
#     placed in the first 4GB address space. The Java Heap base address is the
#     maximum limit for the native heap growth. Please use -XX:HeapBaseMinAddress
#     to set the Java Heap base and to place the Java Heap above 4GB virtual address.
# This output file may be truncated or incomplete.
#
#  Out of Memory Error (os_windows.cpp:3825), pid=9724, tid=7644
#
# JRE version:  (17.0.10+1) (build )
# Java VM: OpenJDK 64-Bit Server VM (17.0.10+1-b1087.23, mixed mode, sharing, tiered, compressed oops, compressed class ptrs, g1 gc, windows-amd64)
# No core dump will be written. Minidumps are not enabled by default on client versions of Windows
#

---------------  S U M M A R Y ------------

Command Line: git4idea.http.GitAskPassApp Username for 'https://github.com': 

Host: 11th Gen Intel(R) Core(TM) i3-1115G4 @ 3.00GHz, 4 cores, 7G,  Windows 11 , 64 bit Build 22621 (10.0.22621.3527)
Time: Tue May 28 20:20:24 2024 Malay Peninsula Standard Time elapsed time: 0.012356 seconds (0d 0h 0m 0s)

---------------  T H R E A D  ---------------

Current thread (0x0000017ede729b50):  JavaThread "Unknown thread" [_thread_in_vm, id=7644, stack(0x00000017e8a00000,0x00000017e8b00000)]

Stack: [0x00000017e8a00000,0x00000017e8b00000]
Native frames: (J=compiled Java code, j=interpreted, Vv=VM code, C=native code)
V  [jvm.dll+0x688a29]
V  [jvm.dll+0x84216a]
V  [jvm.dll+0x843dae]
V  [jvm.dll+0x844413]
V  [jvm.dll+0x24ba8f]
V  [jvm.dll+0x6857f9]
V  [jvm.dll+0x67a0aa]
V  [jvm.dll+0x30c7eb]
V  [jvm.dll+0x313c96]
V  [jvm.dll+0x363a2e]
V  [jvm.dll+0x363c5f]
V  [jvm.dll+0x2e25b8]
V  [jvm.dll+0x2e3524]
V  [jvm.dll+0x812cd1]
V  [jvm.dll+0x3718e1]
V  [jvm.dll+0x7f1836]
V  [jvm.dll+0x3f553f]
V  [jvm.dll+0x3f7171]
C  [jli.dll+0x528f]
C  [ucrtbase.dll+0x29333]
C  [KERNEL32.DLL+0x1257d]
C  [ntdll.dll+0x5aa48]


---------------  P R O C E S S  ---------------

Threads class SMR info:
_java_thread_list=0x00007ffc8201ef58, length=0, elements={
}

Java Threads: ( => current thread )

Other Threads:
  0x0000017ede783d30 GCTaskThread "GC Thread#0" [stack: 0x00000017e8b00000,0x00000017e8c00000] [id=9248]
  0x0000017ede794180 ConcurrentGCThread "G1 Main Marker" [stack: 0x00000017e8c00000,0x00000017e8d00000] [id=10224]
  0x0000017ede794ba0 ConcurrentGCThread "G1 Conc#0" [stack: 0x00000017e8d00000,0x00000017e8e00000] [id=4176]

[error occurred during error reporting (printing all threads), id 0xc0000005, EXCEPTION_ACCESS_VIOLATION (0xc0000005) at pc=0x00007ffc817d3187]

VM state: not at safepoint (not fully initialized)

VM Mutex/Monitor currently owned by a thread:  ([mutex/lock_event])
[0x0000017ede7249e0] Heap_lock - owner thread: 0x0000017ede729b50

Heap address: 0x0000000085800000, size: 1960 MB, Compressed Oops mode: 32-bit

CDS archive(s) mapped at: [0x0000000000000000-0x0000000000000000-0x0000000000000000), size 0, SharedBaseAddress: 0x0000000800000000, ArchiveRelocationMode: 1.
Narrow klass base: 0x0000000000000000, Narrow klass shift: 0, Narrow klass range: 0x0

GC Precious Log:
<Empty>

Heap:
 garbage-first heap   total 0K, used 0K [0x0000000085800000, 0x0000000100000000)
  region size 1024K, 0 young (0K), 0 survivors (0K)
 Metaspace       used 0K, committed 0K, reserved 0K
  class space    used 0K, committed 0K, reserved 0K

Heap Regions: E=young(eden), S=young(survivor), O=old, HS=humongous(starts), HC=humongous(continues), CS=collection set, F=free, OA=open archive, CA=closed archive, TAMS=top-at-mark-start (previous, next)

Card table byte_map: [0x0000017ef3060000,0x0000017ef3440000] _byte_map_base: 0x0000017ef2c34000

Marking Bits (Prev, Next): (CMBitMap*) 0x0000017ede784350, (CMBitMap*) 0x0000017ede784390
 Prev Bits: [0x0000017ef3820000, 0x0000017ef56c0000)
 Next Bits: [0x0000017ef56c0000, 0x0000017ef7560000)

GC Heap History (0 events):
No events

Dll operation events (1 events):
Event: 0.006 Loaded shared library C:\Users\Uno Dos\AppData\Local\Programs\WebStorm\jbr\bin\java.dll

Deoptimization events (0 events):
No events

Classes unloaded (0 events):
No events

Classes redefined (0 events):
No events

Internal exceptions (0 events):
No events

VM Operations (0 events):
No events

Events (0 events):
No events


Dynamic libraries:
0x00007ff746c80000 - 0x00007ff746c8a000 	C:\Users\Uno Dos\AppData\Local\Programs\WebStorm\jbr\bin\java.exe
0x00007ffcccf50000 - 0x00007ffccd167000 	C:\windows\SYSTEM32\ntdll.dll
0x00007ffccc180000 - 0x00007ffccc244000 	C:\windows\System32\KERNEL32.DLL
0x00007ffcca730000 - 0x00007ffccaad7000 	C:\windows\System32\KERNELBASE.dll
0x00007ffcca610000 - 0x00007ffcca721000 	C:\windows\System32\ucrtbase.dll
0x00007ffca9350000 - 0x00007ffca9367000 	C:\Users\Uno Dos\AppData\Local\Programs\WebStorm\jbr\bin\jli.dll
0x00007ffc992b0000 - 0x00007ffc992cb000 	C:\Users\Uno Dos\AppData\Local\Programs\WebStorm\jbr\bin\VCRUNTIME140.dll
0x00007ffcccd10000 - 0x00007ffcccebe000 	C:\windows\System32\USER32.dll
0x00007ffccaae0000 - 0x00007ffccab06000 	C:\windows\System32\win32u.dll
0x00007ffcccee0000 - 0x00007ffcccf09000 	C:\windows\System32\GDI32.dll
0x00007ffcca4f0000 - 0x00007ffcca609000 	C:\windows\System32\gdi32full.dll
0x00007ffcaa630000 - 0x00007ffcaa8c3000 	C:\windows\WinSxS\amd64_microsoft.windows.common-controls_6595b64144ccf1df_6.0.22621.3527_none_270e469b73872a76\COMCTL32.dll
0x00007ffcca360000 - 0x00007ffcca3fa000 	C:\windows\System32\msvcp_win.dll
0x00007ffccc910000 - 0x00007ffccc9b7000 	C:\windows\System32\msvcrt.dll
0x00007ffccca90000 - 0x00007ffcccac1000 	C:\windows\System32\IMM32.DLL
0x00007ffcb0160000 - 0x00007ffcb016c000 	C:\Users\Uno Dos\AppData\Local\Programs\WebStorm\jbr\bin\vcruntime140_1.dll
0x00007ffc87040000 - 0x00007ffc870cd000 	C:\Users\Uno Dos\AppData\Local\Programs\WebStorm\jbr\bin\msvcp140.dll
0x00007ffc814e0000 - 0x00007ffc82163000 	C:\Users\Uno Dos\AppData\Local\Programs\WebStorm\jbr\bin\server\jvm.dll
0x00007ffccc7f0000 - 0x00007ffccc8a2000 	C:\windows\System32\ADVAPI32.dll
0x00007ffccb590000 - 0x00007ffccb638000 	C:\windows\System32\sechost.dll
0x00007ffcca400000 - 0x00007ffcca428000 	C:\windows\System32\bcrypt.dll
0x00007ffccc6d0000 - 0x00007ffccc7e5000 	C:\windows\System32\RPCRT4.dll
0x00007ffcc9460000 - 0x00007ffcc94ad000 	C:\windows\SYSTEM32\POWRPROF.dll
0x00007ffca6220000 - 0x00007ffca6229000 	C:\windows\SYSTEM32\WSOCK32.dll
0x00007ffccc080000 - 0x00007ffccc0f1000 	C:\windows\System32\WS2_32.dll
0x00007ffcc0610000 - 0x00007ffcc0644000 	C:\windows\SYSTEM32\WINMM.dll
0x00007ffcbdb60000 - 0x00007ffcbdb6a000 	C:\windows\SYSTEM32\VERSION.dll
0x00007ffcc9440000 - 0x00007ffcc9453000 	C:\windows\SYSTEM32\UMPDC.dll
0x00007ffcc92e0000 - 0x00007ffcc92f8000 	C:\windows\SYSTEM32\kernel.appcore.dll
0x00007ffcc4ec0000 - 0x00007ffcc4eca000 	C:\Users\Uno Dos\AppData\Local\Programs\WebStorm\jbr\bin\jimage.dll
0x00007ffcc78c0000 - 0x00007ffcc7af2000 	C:\windows\SYSTEM32\DBGHELP.DLL
0x00007ffccb1e0000 - 0x00007ffccb568000 	C:\windows\System32\combase.dll
0x00007ffccbea0000 - 0x00007ffccbf77000 	C:\windows\System32\OLEAUT32.dll
0x00007ffca5440000 - 0x00007ffca5472000 	C:\windows\SYSTEM32\dbgcore.DLL
0x00007ffcca2e0000 - 0x00007ffcca359000 	C:\windows\System32\bcryptPrimitives.dll
0x00007ffcc4e20000 - 0x00007ffcc4e45000 	C:\Users\Uno Dos\AppData\Local\Programs\WebStorm\jbr\bin\java.dll

dbghelp: loaded successfully - version: 4.0.5 - missing functions: none
symbol engine: initialized successfully - sym options: 0x614 - pdb path: .;C:\Users\Uno Dos\AppData\Local\Programs\WebStorm\jbr\bin;C:\windows\SYSTEM32;C:\windows\WinSxS\amd64_microsoft.windows.common-controls_6595b64144ccf1df_6.0.22621.3527_none_270e469b73872a76;C:\Users\Uno Dos\AppData\Local\Programs\WebStorm\jbr\bin\server

VM Arguments:
java_command: git4idea.http.GitAskPassApp Username for 'https://github.com': 
java_class_path (initial): C:/Users/Uno Dos/AppData/Local/Programs/WebStorm/plugins/vcs-git/lib/git4idea-rt.jar;C:/Users/Uno Dos/AppData/Local/Programs/WebStorm/lib/externalProcess-rt.jar
Launcher Type: SUN_STANDARD

[Global flags]
     intx CICompilerCount                          = 3                                         {product} {ergonomic}
     uint ConcGCThreads                            = 1                                         {product} {ergonomic}
     uint G1ConcRefinementThreads                  = 4                                         {product} {ergonomic}
   size_t G1HeapRegionSize                         = 1048576                                   {product} {ergonomic}
    uintx GCDrainStackTargetSize                   = 64                                        {product} {ergonomic}
   size_t InitialHeapSize                          = 130023424                                 {product} {ergonomic}
   size_t MarkStackSize                            = 4194304                                   {product} {ergonomic}
   size_t MaxHeapSize                              = 2055208960                                {product} {ergonomic}
   size_t MinHeapDeltaBytes                        = 1048576                                   {product} {ergonomic}
   size_t MinHeapSize                              = 8388608                                   {product} {ergonomic}
    uintx NonNMethodCodeHeapSize                   = 5832780                                {pd product} {ergonomic}
    uintx NonProfiledCodeHeapSize                  = 122912730                              {pd product} {ergonomic}
    uintx ProfiledCodeHeapSize                     = 122912730                              {pd product} {ergonomic}
    uintx ReservedCodeCacheSize                    = 251658240                              {pd product} {ergonomic}
     bool SegmentedCodeCache                       = true                                      {product} {ergonomic}
   size_t SoftMaxHeapSize                          = 2055208960                             {manageable} {ergonomic}
     bool UseCompressedClassPointers               = true                           {product lp64_product} {ergonomic}
     bool UseCompressedOops                        = true                           {product lp64_product} {ergonomic}
     bool UseG1GC                                  = true                                      {product} {ergonomic}
     bool UseLargePagesIndividualAllocation        = false                                  {pd product} {ergonomic}

Logging:
Log output configuration:
 #0: stdout all=warning uptime,level,tags
 #1: stderr all=off uptime,level,tags

Environment Variables:
PATH=C:/Program Files/Git/mingw64/libexec/git-core;C:/Program Files/Git/mingw64/libexec/git-core;C:\Program Files\Git\mingw64\bin;C:\Program Files\Git\usr\bin;C:\Users\Uno Dos\bin;C:\windows\system32;C:\windows;C:\windows\System32\Wbem;C:\windows\System32\WindowsPowerShell\v1.0\;C:\windows\System32\OpenSSH\;C:\Program Files\Git\cmd;C:\Program Files\nodejs\;C:\Program Files\PuTTY\;C:\Users\Uno Dos\AppData\Local\Microsoft\WindowsApps;C:\Users\Uno Dos\AppData\Local\JetBrains\Toolbox\scripts;C:\Users\Uno Dos\AppData\Roaming\npm;C:\Users\Uno Dos\AppData\Local\Programs\Microsoft VS Code\bin
USERNAME=Uno Dos
DISPLAY=:0.0
LC_ALL=en_US.UTF-8
TERM=xterm-256color
TMPDIR=C:\Users\UNODOS~1\AppData\Local\Temp
OS=Windows_NT
PROCESSOR_IDENTIFIER=Intel64 Family 6 Model 140 Stepping 2, GenuineIntel
TMP=C:\Users\UNODOS~1\AppData\Local\Temp
TEMP=C:\Users\UNODOS~1\AppData\Local\Temp



Periodic native trim disabled

JNI global refs:
JNI global refs: 0, weak refs: 0

JNI global refs memory usage: 0, weak refs: 0

OOME stack traces (most recent first):
Classloader memory used:


---------------  S Y S T E M  ---------------

OS:
 Windows 11 , 64 bit Build 22621 (10.0.22621.3527)
OS uptime: 1 days 6:12 hours
Hyper-V role detected

CPU: total 4 (initial active 4) (2 cores per cpu, 2 threads per core) family 6 model 140 stepping 2 microcode 0x34, cx8, cmov, fxsr, ht, mmx, 3dnowpref, sse, sse2, sse3, ssse3, sse4.1, sse4.2, popcnt, lzcnt, tsc, tscinvbit, avx, avx2, aes, erms, clmul, bmi1, bmi2, adx, avx512f, avx512dq, avx512cd, avx512bw, avx512vl, sha, fma, vzeroupper, avx512_vpopcntdq, avx512_vpclmulqdq, avx512_vaes, avx512_vnni, clflush, clflushopt, clwb, avx512_vbmi2, avx512_vbmi, hv
Processor Information for processor 0
  Max Mhz: 2901, Current Mhz: 1100, Mhz Limit: 2901
Processor Information for processor 1
  Max Mhz: 2901, Current Mhz: 2901, Mhz Limit: 2901
Processor Information for processor 2
  Max Mhz: 2901, Current Mhz: 2901, Mhz Limit: 2901
Processor Information for processor 3
  Max Mhz: 2901, Current Mhz: 2901, Mhz Limit: 2901

Memory: 4k page, system-wide physical 7834M (1160M free)
TotalPageFile size 31386M (AvailPageFile size 72M)
current process WorkingSet (physical memory assigned to process): 11M, peak: 11M
current process commit charge ("private bytes"): 52M, peak: 176M

vm_info: OpenJDK 64-Bit Server VM (17.0.10+1-b1087.23) for windows-amd64 JRE (17.0.10+1-b1087.23), built on 2024-03-18 by "builduser" with MS VC++ 16.10 / 16.11 (VS2019)

END.
