#
# There is insufficient memory for the Java Runtime Environment to continue.
# Native memory allocation (malloc) failed to allocate 133936 bytes for Chunk::new
# Possible reasons:
#   The system is out of physical RAM or swap space
#   The process is running with CompressedOops enabled, and the Java Heap may be blocking the growth of the native heap
# Possible solutions:
#   Reduce memory load on the system
#   Increase physical memory or swap space
#   Check if swap backing store is full
#   Decrease Java heap size (-Xmx/-Xms)
#   Decrease number of Java threads
#   Decrease Java thread stack sizes (-Xss)
#   Set larger code cache with -XX:ReservedCodeCacheSize=
#   JVM is running with Unscaled Compressed Oops mode in which the Java heap is
#     placed in the first 4GB address space. The Java Heap base address is the
#     maximum limit for the native heap growth. Please use -XX:HeapBaseMinAddress
#     to set the Java Heap base and to place the Java Heap above 4GB virtual address.
# This output file may be truncated or incomplete.
#
#  Out of Memory Error (arena.cpp:191), pid=16412, tid=15760
#
# JRE version: OpenJDK Runtime Environment JBR-17.0.10+1-1087.23-jcef (17.0.10+1) (build 17.0.10+1-b1087.23)
# Java VM: OpenJDK 64-Bit Server VM JBR-17.0.10+1-1087.23-jcef (17.0.10+1-b1087.23, mixed mode, tiered, compressed oops, compressed class ptrs, g1 gc, windows-amd64)
# No core dump will be written. Minidumps are not enabled by default on client versions of Windows
#

---------------  S U M M A R Y ------------

Command Line: git4idea.http.GitAskPassApp Username for 'https://github.com': 

Host: 11th Gen Intel(R) Core(TM) i3-1115G4 @ 3.00GHz, 4 cores, 7G,  Windows 11 , 64 bit Build 22621 (10.0.22621.3527)
Time: Tue May 28 20:35:26 2024 Malay Peninsula Standard Time elapsed time: 0.193366 seconds (0d 0h 0m 0s)

---------------  T H R E A D  ---------------

Current thread (0x0000024555929970):  JavaThread "C2 CompilerThread0" daemon [_thread_in_native, id=15760, stack(0x000000c167700000,0x000000c167800000)]


Current CompileTask:
C2:    193  349       4       java.util.HashMap::putVal (300 bytes)

Stack: [0x000000c167700000,0x000000c167800000]
Native frames: (J=compiled Java code, j=interpreted, Vv=VM code, C=native code)
V  [jvm.dll+0x688a29]
V  [jvm.dll+0x84216a]
V  [jvm.dll+0x843dae]
V  [jvm.dll+0x844413]
V  [jvm.dll+0x24ba8f]
V  [jvm.dll+0xac524]
V  [jvm.dll+0xacb6c]
V  [jvm.dll+0x2b308f]
V  [jvm.dll+0x58ff37]
V  [jvm.dll+0x226102]
V  [jvm.dll+0x21f2fe]
V  [jvm.dll+0x21ca61]
V  [jvm.dll+0x1a603d]
V  [jvm.dll+0x22ca18]
V  [jvm.dll+0x22ab50]
V  [jvm.dll+0x7f65e7]
V  [jvm.dll+0x7f09ea]
V  [jvm.dll+0x6878a5]
C  [ucrtbase.dll+0x29333]
C  [KERNEL32.DLL+0x1257d]
C  [ntdll.dll+0x5aa48]


---------------  P R O C E S S  ---------------

Threads class SMR info:
_java_thread_list=0x0000024555aae4e0, length=12, elements={
0x000002453c23c2c0, 0x00000245558f4260, 0x00000245558f6240, 0x000002455592f710,
0x00000245559300d0, 0x0000024555930ca0, 0x0000024555937560, 0x0000024555929970,
0x000002455592b0b0, 0x0000024555947480, 0x0000024555937050, 0x0000024555938eb0
}

Java Threads: ( => current thread )
  0x000002453c23c2c0 JavaThread "main" [_thread_in_vm, id=9804, stack(0x000000c166a00000,0x000000c166b00000)]
  0x00000245558f4260 JavaThread "Reference Handler" daemon [_thread_blocked, id=10100, stack(0x000000c167100000,0x000000c167200000)]
  0x00000245558f6240 JavaThread "Finalizer" daemon [_thread_blocked, id=16236, stack(0x000000c167200000,0x000000c167300000)]
  0x000002455592f710 JavaThread "Signal Dispatcher" daemon [_thread_blocked, id=904, stack(0x000000c167300000,0x000000c167400000)]
  0x00000245559300d0 JavaThread "Attach Listener" daemon [_thread_blocked, id=15988, stack(0x000000c167400000,0x000000c167500000)]
  0x0000024555930ca0 JavaThread "Service Thread" daemon [_thread_blocked, id=8912, stack(0x000000c167500000,0x000000c167600000)]
  0x0000024555937560 JavaThread "Monitor Deflation Thread" daemon [_thread_blocked, id=4548, stack(0x000000c167600000,0x000000c167700000)]
=>0x0000024555929970 JavaThread "C2 CompilerThread0" daemon [_thread_in_native, id=15760, stack(0x000000c167700000,0x000000c167800000)]
  0x000002455592b0b0 JavaThread "C1 CompilerThread0" daemon [_thread_blocked, id=12472, stack(0x000000c167800000,0x000000c167900000)]
  0x0000024555947480 JavaThread "Sweeper thread" daemon [_thread_blocked, id=9688, stack(0x000000c167900000,0x000000c167a00000)]
  0x0000024555937050 JavaThread "Notification Thread" daemon [_thread_blocked, id=14436, stack(0x000000c167a00000,0x000000c167b00000)]
  0x0000024555938eb0 JavaThread "Common-Cleaner" daemon [_thread_blocked, id=376, stack(0x000000c167c00000,0x000000c167d00000)]

Other Threads:
  0x000002455579c640 VMThread "VM Thread" [stack: 0x000000c167000000,0x000000c167100000] [id=9720]
  0x0000024555963470 WatcherThread [stack: 0x000000c167b00000,0x000000c167c00000] [id=14360]
  0x000002453c295220 GCTaskThread "GC Thread#0" [stack: 0x000000c166b00000,0x000000c166c00000] [id=13800]
  0x000002453c2a5670 ConcurrentGCThread "G1 Main Marker" [stack: 0x000000c166c00000,0x000000c166d00000] [id=12904]
  0x000002453c2a6090 ConcurrentGCThread "G1 Conc#0" [stack: 0x000000c166d00000,0x000000c166e00000] [id=860]
  0x000002453c2ed7f0 ConcurrentGCThread "G1 Refine#0" [stack: 0x000000c166e00000,0x000000c166f00000] [id=7720]
  0x000002453c2ee220 ConcurrentGCThread "G1 Service" [stack: 0x000000c166f00000,0x000000c167000000] [id=2444]

Threads with active compile tasks:
C2 CompilerThread0      204  349       4       java.util.HashMap::putVal (300 bytes)

VM state: not at safepoint (normal execution)

VM Mutex/Monitor currently owned by a thread: None

Heap address: 0x0000000085800000, size: 1960 MB, Compressed Oops mode: 32-bit

CDS archive(s) not mapped
Compressed class space mapped at: 0x0000000100000000-0x0000000140000000, reserved size: 1073741824
Narrow klass base: 0x0000000000000000, Narrow klass shift: 3, Narrow klass range: 0x140000000

GC Precious Log:
 CPUs: 4 total, 4 available
 Memory: 7834M
 Large Page Support: Disabled
 NUMA Support: Disabled
 Compressed Oops: Enabled (32-bit)
 Heap Region Size: 1M
 Heap Min Capacity: 8M
 Heap Initial Capacity: 124M
 Heap Max Capacity: 1960M
 Pre-touch: Disabled
 Parallel Workers: 4
 Concurrent Workers: 1
 Concurrent Refinement Workers: 4
 Periodic GC: Disabled

Heap:
 garbage-first heap   total 126976K, used 3072K [0x0000000085800000, 0x0000000100000000)
  region size 1024K, 4 young (4096K), 0 survivors (0K)
 Metaspace       used 9777K, committed 9920K, reserved 1114112K
  class space    used 921K, committed 1024K, reserved 1048576K

Heap Regions: E=young(eden), S=young(survivor), O=old, HS=humongous(starts), HC=humongous(continues), CS=collection set, F=free, OA=open archive, CA=closed archive, TAMS=top-at-mark-start (previous, next)
|   0|0x0000000085800000, 0x0000000085800000, 0x0000000085900000|  0%| F|  |TAMS 0x0000000085800000, 0x0000000085800000| Untracked 
|   1|0x0000000085900000, 0x0000000085900000, 0x0000000085a00000|  0%| F|  |TAMS 0x0000000085900000, 0x0000000085900000| Untracked 
|   2|0x0000000085a00000, 0x0000000085a00000, 0x0000000085b00000|  0%| F|  |TAMS 0x0000000085a00000, 0x0000000085a00000| Untracked 
|   3|0x0000000085b00000, 0x0000000085b00000, 0x0000000085c00000|  0%| F|  |TAMS 0x0000000085b00000, 0x0000000085b00000| Untracked 
|   4|0x0000000085c00000, 0x0000000085c00000, 0x0000000085d00000|  0%| F|  |TAMS 0x0000000085c00000, 0x0000000085c00000| Untracked 
|   5|0x0000000085d00000, 0x0000000085d00000, 0x0000000085e00000|  0%| F|  |TAMS 0x0000000085d00000, 0x0000000085d00000| Untracked 
|   6|0x0000000085e00000, 0x0000000085e00000, 0x0000000085f00000|  0%| F|  |TAMS 0x0000000085e00000, 0x0000000085e00000| Untracked 
|   7|0x0000000085f00000, 0x0000000085f00000, 0x0000000086000000|  0%| F|  |TAMS 0x0000000085f00000, 0x0000000085f00000| Untracked 
|   8|0x0000000086000000, 0x0000000086000000, 0x0000000086100000|  0%| F|  |TAMS 0x0000000086000000, 0x0000000086000000| Untracked 
|   9|0x0000000086100000, 0x0000000086100000, 0x0000000086200000|  0%| F|  |TAMS 0x0000000086100000, 0x0000000086100000| Untracked 
|  10|0x0000000086200000, 0x0000000086200000, 0x0000000086300000|  0%| F|  |TAMS 0x0000000086200000, 0x0000000086200000| Untracked 
|  11|0x0000000086300000, 0x0000000086300000, 0x0000000086400000|  0%| F|  |TAMS 0x0000000086300000, 0x0000000086300000| Untracked 
|  12|0x0000000086400000, 0x0000000086400000, 0x0000000086500000|  0%| F|  |TAMS 0x0000000086400000, 0x0000000086400000| Untracked 
|  13|0x0000000086500000, 0x0000000086500000, 0x0000000086600000|  0%| F|  |TAMS 0x0000000086500000, 0x0000000086500000| Untracked 
|  14|0x0000000086600000, 0x0000000086600000, 0x0000000086700000|  0%| F|  |TAMS 0x0000000086600000, 0x0000000086600000| Untracked 
|  15|0x0000000086700000, 0x0000000086700000, 0x0000000086800000|  0%| F|  |TAMS 0x0000000086700000, 0x0000000086700000| Untracked 
|  16|0x0000000086800000, 0x0000000086800000, 0x0000000086900000|  0%| F|  |TAMS 0x0000000086800000, 0x0000000086800000| Untracked 
|  17|0x0000000086900000, 0x0000000086900000, 0x0000000086a00000|  0%| F|  |TAMS 0x0000000086900000, 0x0000000086900000| Untracked 
|  18|0x0000000086a00000, 0x0000000086a00000, 0x0000000086b00000|  0%| F|  |TAMS 0x0000000086a00000, 0x0000000086a00000| Untracked 
|  19|0x0000000086b00000, 0x0000000086b00000, 0x0000000086c00000|  0%| F|  |TAMS 0x0000000086b00000, 0x0000000086b00000| Untracked 
|  20|0x0000000086c00000, 0x0000000086c00000, 0x0000000086d00000|  0%| F|  |TAMS 0x0000000086c00000, 0x0000000086c00000| Untracked 
|  21|0x0000000086d00000, 0x0000000086d00000, 0x0000000086e00000|  0%| F|  |TAMS 0x0000000086d00000, 0x0000000086d00000| Untracked 
|  22|0x0000000086e00000, 0x0000000086e00000, 0x0000000086f00000|  0%| F|  |TAMS 0x0000000086e00000, 0x0000000086e00000| Untracked 
|  23|0x0000000086f00000, 0x0000000086f00000, 0x0000000087000000|  0%| F|  |TAMS 0x0000000086f00000, 0x0000000086f00000| Untracked 
|  24|0x0000000087000000, 0x0000000087000000, 0x0000000087100000|  0%| F|  |TAMS 0x0000000087000000, 0x0000000087000000| Untracked 
|  25|0x0000000087100000, 0x0000000087100000, 0x0000000087200000|  0%| F|  |TAMS 0x0000000087100000, 0x0000000087100000| Untracked 
|  26|0x0000000087200000, 0x0000000087200000, 0x0000000087300000|  0%| F|  |TAMS 0x0000000087200000, 0x0000000087200000| Untracked 
|  27|0x0000000087300000, 0x0000000087300000, 0x0000000087400000|  0%| F|  |TAMS 0x0000000087300000, 0x0000000087300000| Untracked 
|  28|0x0000000087400000, 0x0000000087400000, 0x0000000087500000|  0%| F|  |TAMS 0x0000000087400000, 0x0000000087400000| Untracked 
|  29|0x0000000087500000, 0x0000000087500000, 0x0000000087600000|  0%| F|  |TAMS 0x0000000087500000, 0x0000000087500000| Untracked 
|  30|0x0000000087600000, 0x0000000087600000, 0x0000000087700000|  0%| F|  |TAMS 0x0000000087600000, 0x0000000087600000| Untracked 
|  31|0x0000000087700000, 0x0000000087700000, 0x0000000087800000|  0%| F|  |TAMS 0x0000000087700000, 0x0000000087700000| Untracked 
|  32|0x0000000087800000, 0x0000000087800000, 0x0000000087900000|  0%| F|  |TAMS 0x0000000087800000, 0x0000000087800000| Untracked 
|  33|0x0000000087900000, 0x0000000087900000, 0x0000000087a00000|  0%| F|  |TAMS 0x0000000087900000, 0x0000000087900000| Untracked 
|  34|0x0000000087a00000, 0x0000000087a00000, 0x0000000087b00000|  0%| F|  |TAMS 0x0000000087a00000, 0x0000000087a00000| Untracked 
|  35|0x0000000087b00000, 0x0000000087b00000, 0x0000000087c00000|  0%| F|  |TAMS 0x0000000087b00000, 0x0000000087b00000| Untracked 
|  36|0x0000000087c00000, 0x0000000087c00000, 0x0000000087d00000|  0%| F|  |TAMS 0x0000000087c00000, 0x0000000087c00000| Untracked 
|  37|0x0000000087d00000, 0x0000000087d00000, 0x0000000087e00000|  0%| F|  |TAMS 0x0000000087d00000, 0x0000000087d00000| Untracked 
|  38|0x0000000087e00000, 0x0000000087e00000, 0x0000000087f00000|  0%| F|  |TAMS 0x0000000087e00000, 0x0000000087e00000| Untracked 
|  39|0x0000000087f00000, 0x0000000087f00000, 0x0000000088000000|  0%| F|  |TAMS 0x0000000087f00000, 0x0000000087f00000| Untracked 
|  40|0x0000000088000000, 0x0000000088000000, 0x0000000088100000|  0%| F|  |TAMS 0x0000000088000000, 0x0000000088000000| Untracked 
|  41|0x0000000088100000, 0x0000000088100000, 0x0000000088200000|  0%| F|  |TAMS 0x0000000088100000, 0x0000000088100000| Untracked 
|  42|0x0000000088200000, 0x0000000088200000, 0x0000000088300000|  0%| F|  |TAMS 0x0000000088200000, 0x0000000088200000| Untracked 
|  43|0x0000000088300000, 0x0000000088300000, 0x0000000088400000|  0%| F|  |TAMS 0x0000000088300000, 0x0000000088300000| Untracked 
|  44|0x0000000088400000, 0x0000000088400000, 0x0000000088500000|  0%| F|  |TAMS 0x0000000088400000, 0x0000000088400000| Untracked 
|  45|0x0000000088500000, 0x0000000088500000, 0x0000000088600000|  0%| F|  |TAMS 0x0000000088500000, 0x0000000088500000| Untracked 
|  46|0x0000000088600000, 0x0000000088600000, 0x0000000088700000|  0%| F|  |TAMS 0x0000000088600000, 0x0000000088600000| Untracked 
|  47|0x0000000088700000, 0x0000000088700000, 0x0000000088800000|  0%| F|  |TAMS 0x0000000088700000, 0x0000000088700000| Untracked 
|  48|0x0000000088800000, 0x0000000088800000, 0x0000000088900000|  0%| F|  |TAMS 0x0000000088800000, 0x0000000088800000| Untracked 
|  49|0x0000000088900000, 0x0000000088900000, 0x0000000088a00000|  0%| F|  |TAMS 0x0000000088900000, 0x0000000088900000| Untracked 
|  50|0x0000000088a00000, 0x0000000088a00000, 0x0000000088b00000|  0%| F|  |TAMS 0x0000000088a00000, 0x0000000088a00000| Untracked 
|  51|0x0000000088b00000, 0x0000000088b00000, 0x0000000088c00000|  0%| F|  |TAMS 0x0000000088b00000, 0x0000000088b00000| Untracked 
|  52|0x0000000088c00000, 0x0000000088c00000, 0x0000000088d00000|  0%| F|  |TAMS 0x0000000088c00000, 0x0000000088c00000| Untracked 
|  53|0x0000000088d00000, 0x0000000088d00000, 0x0000000088e00000|  0%| F|  |TAMS 0x0000000088d00000, 0x0000000088d00000| Untracked 
|  54|0x0000000088e00000, 0x0000000088e00000, 0x0000000088f00000|  0%| F|  |TAMS 0x0000000088e00000, 0x0000000088e00000| Untracked 
|  55|0x0000000088f00000, 0x0000000088f00000, 0x0000000089000000|  0%| F|  |TAMS 0x0000000088f00000, 0x0000000088f00000| Untracked 
|  56|0x0000000089000000, 0x0000000089000000, 0x0000000089100000|  0%| F|  |TAMS 0x0000000089000000, 0x0000000089000000| Untracked 
|  57|0x0000000089100000, 0x0000000089100000, 0x0000000089200000|  0%| F|  |TAMS 0x0000000089100000, 0x0000000089100000| Untracked 
|  58|0x0000000089200000, 0x0000000089200000, 0x0000000089300000|  0%| F|  |TAMS 0x0000000089200000, 0x0000000089200000| Untracked 
|  59|0x0000000089300000, 0x0000000089300000, 0x0000000089400000|  0%| F|  |TAMS 0x0000000089300000, 0x0000000089300000| Untracked 
|  60|0x0000000089400000, 0x0000000089400000, 0x0000000089500000|  0%| F|  |TAMS 0x0000000089400000, 0x0000000089400000| Untracked 
|  61|0x0000000089500000, 0x0000000089500000, 0x0000000089600000|  0%| F|  |TAMS 0x0000000089500000, 0x0000000089500000| Untracked 
|  62|0x0000000089600000, 0x0000000089600000, 0x0000000089700000|  0%| F|  |TAMS 0x0000000089600000, 0x0000000089600000| Untracked 
|  63|0x0000000089700000, 0x0000000089700000, 0x0000000089800000|  0%| F|  |TAMS 0x0000000089700000, 0x0000000089700000| Untracked 
|  64|0x0000000089800000, 0x0000000089800000, 0x0000000089900000|  0%| F|  |TAMS 0x0000000089800000, 0x0000000089800000| Untracked 
|  65|0x0000000089900000, 0x0000000089900000, 0x0000000089a00000|  0%| F|  |TAMS 0x0000000089900000, 0x0000000089900000| Untracked 
|  66|0x0000000089a00000, 0x0000000089a00000, 0x0000000089b00000|  0%| F|  |TAMS 0x0000000089a00000, 0x0000000089a00000| Untracked 
|  67|0x0000000089b00000, 0x0000000089b00000, 0x0000000089c00000|  0%| F|  |TAMS 0x0000000089b00000, 0x0000000089b00000| Untracked 
|  68|0x0000000089c00000, 0x0000000089c00000, 0x0000000089d00000|  0%| F|  |TAMS 0x0000000089c00000, 0x0000000089c00000| Untracked 
|  69|0x0000000089d00000, 0x0000000089d00000, 0x0000000089e00000|  0%| F|  |TAMS 0x0000000089d00000, 0x0000000089d00000| Untracked 
|  70|0x0000000089e00000, 0x0000000089e00000, 0x0000000089f00000|  0%| F|  |TAMS 0x0000000089e00000, 0x0000000089e00000| Untracked 
|  71|0x0000000089f00000, 0x0000000089f00000, 0x000000008a000000|  0%| F|  |TAMS 0x0000000089f00000, 0x0000000089f00000| Untracked 
|  72|0x000000008a000000, 0x000000008a000000, 0x000000008a100000|  0%| F|  |TAMS 0x000000008a000000, 0x000000008a000000| Untracked 
|  73|0x000000008a100000, 0x000000008a100000, 0x000000008a200000|  0%| F|  |TAMS 0x000000008a100000, 0x000000008a100000| Untracked 
|  74|0x000000008a200000, 0x000000008a200000, 0x000000008a300000|  0%| F|  |TAMS 0x000000008a200000, 0x000000008a200000| Untracked 
|  75|0x000000008a300000, 0x000000008a300000, 0x000000008a400000|  0%| F|  |TAMS 0x000000008a300000, 0x000000008a300000| Untracked 
|  76|0x000000008a400000, 0x000000008a400000, 0x000000008a500000|  0%| F|  |TAMS 0x000000008a400000, 0x000000008a400000| Untracked 
|  77|0x000000008a500000, 0x000000008a500000, 0x000000008a600000|  0%| F|  |TAMS 0x000000008a500000, 0x000000008a500000| Untracked 
|  78|0x000000008a600000, 0x000000008a600000, 0x000000008a700000|  0%| F|  |TAMS 0x000000008a600000, 0x000000008a600000| Untracked 
|  79|0x000000008a700000, 0x000000008a700000, 0x000000008a800000|  0%| F|  |TAMS 0x000000008a700000, 0x000000008a700000| Untracked 
|  80|0x000000008a800000, 0x000000008a800000, 0x000000008a900000|  0%| F|  |TAMS 0x000000008a800000, 0x000000008a800000| Untracked 
|  81|0x000000008a900000, 0x000000008a900000, 0x000000008aa00000|  0%| F|  |TAMS 0x000000008a900000, 0x000000008a900000| Untracked 
|  82|0x000000008aa00000, 0x000000008aa00000, 0x000000008ab00000|  0%| F|  |TAMS 0x000000008aa00000, 0x000000008aa00000| Untracked 
|  83|0x000000008ab00000, 0x000000008ab00000, 0x000000008ac00000|  0%| F|  |TAMS 0x000000008ab00000, 0x000000008ab00000| Untracked 
|  84|0x000000008ac00000, 0x000000008ac00000, 0x000000008ad00000|  0%| F|  |TAMS 0x000000008ac00000, 0x000000008ac00000| Untracked 
|  85|0x000000008ad00000, 0x000000008ad00000, 0x000000008ae00000|  0%| F|  |TAMS 0x000000008ad00000, 0x000000008ad00000| Untracked 
|  86|0x000000008ae00000, 0x000000008ae00000, 0x000000008af00000|  0%| F|  |TAMS 0x000000008ae00000, 0x000000008ae00000| Untracked 
|  87|0x000000008af00000, 0x000000008af00000, 0x000000008b000000|  0%| F|  |TAMS 0x000000008af00000, 0x000000008af00000| Untracked 
|  88|0x000000008b000000, 0x000000008b000000, 0x000000008b100000|  0%| F|  |TAMS 0x000000008b000000, 0x000000008b000000| Untracked 
|  89|0x000000008b100000, 0x000000008b100000, 0x000000008b200000|  0%| F|  |TAMS 0x000000008b100000, 0x000000008b100000| Untracked 
|  90|0x000000008b200000, 0x000000008b200000, 0x000000008b300000|  0%| F|  |TAMS 0x000000008b200000, 0x000000008b200000| Untracked 
|  91|0x000000008b300000, 0x000000008b300000, 0x000000008b400000|  0%| F|  |TAMS 0x000000008b300000, 0x000000008b300000| Untracked 
|  92|0x000000008b400000, 0x000000008b400000, 0x000000008b500000|  0%| F|  |TAMS 0x000000008b400000, 0x000000008b400000| Untracked 
|  93|0x000000008b500000, 0x000000008b500000, 0x000000008b600000|  0%| F|  |TAMS 0x000000008b500000, 0x000000008b500000| Untracked 
|  94|0x000000008b600000, 0x000000008b600000, 0x000000008b700000|  0%| F|  |TAMS 0x000000008b600000, 0x000000008b600000| Untracked 
|  95|0x000000008b700000, 0x000000008b700000, 0x000000008b800000|  0%| F|  |TAMS 0x000000008b700000, 0x000000008b700000| Untracked 
|  96|0x000000008b800000, 0x000000008b800000, 0x000000008b900000|  0%| F|  |TAMS 0x000000008b800000, 0x000000008b800000| Untracked 
|  97|0x000000008b900000, 0x000000008b900000, 0x000000008ba00000|  0%| F|  |TAMS 0x000000008b900000, 0x000000008b900000| Untracked 
|  98|0x000000008ba00000, 0x000000008ba00000, 0x000000008bb00000|  0%| F|  |TAMS 0x000000008ba00000, 0x000000008ba00000| Untracked 
|  99|0x000000008bb00000, 0x000000008bb00000, 0x000000008bc00000|  0%| F|  |TAMS 0x000000008bb00000, 0x000000008bb00000| Untracked 
| 100|0x000000008bc00000, 0x000000008bc00000, 0x000000008bd00000|  0%| F|  |TAMS 0x000000008bc00000, 0x000000008bc00000| Untracked 
| 101|0x000000008bd00000, 0x000000008bd00000, 0x000000008be00000|  0%| F|  |TAMS 0x000000008bd00000, 0x000000008bd00000| Untracked 
| 102|0x000000008be00000, 0x000000008be00000, 0x000000008bf00000|  0%| F|  |TAMS 0x000000008be00000, 0x000000008be00000| Untracked 
| 103|0x000000008bf00000, 0x000000008bf00000, 0x000000008c000000|  0%| F|  |TAMS 0x000000008bf00000, 0x000000008bf00000| Untracked 
| 104|0x000000008c000000, 0x000000008c000000, 0x000000008c100000|  0%| F|  |TAMS 0x000000008c000000, 0x000000008c000000| Untracked 
| 105|0x000000008c100000, 0x000000008c100000, 0x000000008c200000|  0%| F|  |TAMS 0x000000008c100000, 0x000000008c100000| Untracked 
| 106|0x000000008c200000, 0x000000008c200000, 0x000000008c300000|  0%| F|  |TAMS 0x000000008c200000, 0x000000008c200000| Untracked 
| 107|0x000000008c300000, 0x000000008c300000, 0x000000008c400000|  0%| F|  |TAMS 0x000000008c300000, 0x000000008c300000| Untracked 
| 108|0x000000008c400000, 0x000000008c400000, 0x000000008c500000|  0%| F|  |TAMS 0x000000008c400000, 0x000000008c400000| Untracked 
| 109|0x000000008c500000, 0x000000008c500000, 0x000000008c600000|  0%| F|  |TAMS 0x000000008c500000, 0x000000008c500000| Untracked 
| 110|0x000000008c600000, 0x000000008c600000, 0x000000008c700000|  0%| F|  |TAMS 0x000000008c600000, 0x000000008c600000| Untracked 
| 111|0x000000008c700000, 0x000000008c700000, 0x000000008c800000|  0%| F|  |TAMS 0x000000008c700000, 0x000000008c700000| Untracked 
| 112|0x000000008c800000, 0x000000008c800000, 0x000000008c900000|  0%| F|  |TAMS 0x000000008c800000, 0x000000008c800000| Untracked 
| 113|0x000000008c900000, 0x000000008c900000, 0x000000008ca00000|  0%| F|  |TAMS 0x000000008c900000, 0x000000008c900000| Untracked 
| 114|0x000000008ca00000, 0x000000008ca00000, 0x000000008cb00000|  0%| F|  |TAMS 0x000000008ca00000, 0x000000008ca00000| Untracked 
| 115|0x000000008cb00000, 0x000000008cb00000, 0x000000008cc00000|  0%| F|  |TAMS 0x000000008cb00000, 0x000000008cb00000| Untracked 
| 116|0x000000008cc00000, 0x000000008cc00000, 0x000000008cd00000|  0%| F|  |TAMS 0x000000008cc00000, 0x000000008cc00000| Untracked 
| 117|0x000000008cd00000, 0x000000008cd00000, 0x000000008ce00000|  0%| F|  |TAMS 0x000000008cd00000, 0x000000008cd00000| Untracked 
| 118|0x000000008ce00000, 0x000000008ce00000, 0x000000008cf00000|  0%| F|  |TAMS 0x000000008ce00000, 0x000000008ce00000| Untracked 
| 119|0x000000008cf00000, 0x000000008cf00000, 0x000000008d000000|  0%| F|  |TAMS 0x000000008cf00000, 0x000000008cf00000| Untracked 
| 120|0x000000008d000000, 0x000000008d0c9f58, 0x000000008d100000| 78%| E|  |TAMS 0x000000008d000000, 0x000000008d000000| Complete 
| 121|0x000000008d100000, 0x000000008d200000, 0x000000008d200000|100%| E|CS|TAMS 0x000000008d100000, 0x000000008d100000| Complete 
| 122|0x000000008d200000, 0x000000008d300000, 0x000000008d300000|100%| E|CS|TAMS 0x000000008d200000, 0x000000008d200000| Complete 
| 123|0x000000008d300000, 0x000000008d400000, 0x000000008d400000|100%| E|CS|TAMS 0x000000008d300000, 0x000000008d300000| Complete 

Card table byte_map: [0x000002454ed90000,0x000002454f170000] _byte_map_base: 0x000002454e964000

Marking Bits (Prev, Next): (CMBitMap*) 0x000002453c295840, (CMBitMap*) 0x000002453c295880
 Prev Bits: [0x000002454f550000, 0x00000245513f0000)
 Next Bits: [0x00000245513f0000, 0x0000024553290000)

Polling page: 0x000002453b9f0000

Metaspace:

Usage:
  Non-class:      8.65 MB used.
      Class:    921.12 KB used.
       Both:      9.55 MB used.

Virtual space:
  Non-class space:       64.00 MB reserved,       8.69 MB ( 14%) committed,  1 nodes.
      Class space:        1.00 GB reserved,       1.00 MB ( <1%) committed,  1 nodes.
             Both:        1.06 GB reserved,       9.69 MB ( <1%) committed. 

Chunk freelists:
   Non-Class:  6.95 MB
       Class:  15.03 MB
        Both:  21.98 MB

MaxMetaspaceSize: unlimited
CompressedClassSpaceSize: 1.00 GB
Initial GC threshold: 21.00 MB
Current GC threshold: 21.00 MB
CDS: off
MetaspaceReclaimPolicy: balanced
 - commit_granule_bytes: 65536.
 - commit_granule_words: 8192.
 - virtual_space_node_default_size: 8388608.
 - enlarge_chunks_in_place: 1.
 - new_chunks_are_fully_committed: 0.
 - uncommit_free_chunks: 1.
 - use_allocation_guard: 0.
 - handle_deallocations: 1.


Internal statistics:

num_allocs_failed_limit: 0.
num_arena_births: 24.
num_arena_deaths: 0.
num_vsnodes_births: 2.
num_vsnodes_deaths: 0.
num_space_committed: 155.
num_space_uncommitted: 0.
num_chunks_returned_to_freelist: 0.
num_chunks_taken_from_freelist: 55.
num_chunk_merges: 0.
num_chunk_splits: 27.
num_chunks_enlarged: 14.
num_inconsistent_stats: 0.

CodeHeap 'non-profiled nmethods': size=120000Kb used=95Kb max_used=95Kb free=119904Kb
 bounds [0x0000024547480000, 0x00000245476f0000, 0x000002454e9b0000]
CodeHeap 'profiled nmethods': size=120000Kb used=511Kb max_used=511Kb free=119488Kb
 bounds [0x000002453f9b0000, 0x000002453fc20000, 0x0000024546ee0000]
CodeHeap 'non-nmethods': size=5760Kb used=1153Kb max_used=1163Kb free=4606Kb
 bounds [0x0000024546ee0000, 0x0000024547150000, 0x0000024547480000]
 total_blobs=804 nmethods=374 adapters=343
 compilation: enabled
              stopped_count=0, restarted_count=0
 full_count=0

Compilation events (20 events):
Event: 0.189 Thread 0x000002455592b0b0  348       3       java.util.HashMap$KeyIterator::<init> (11 bytes)
Event: 0.189 Thread 0x000002455592b0b0 nmethod 348 0x000002453fa24d90 code [0x000002453fa24f40, 0x000002453fa250c8]
Event: 0.189 Thread 0x000002455592b0b0  344       1       java.lang.Boolean::booleanValue (5 bytes)
Event: 0.189 Thread 0x000002455592b0b0 nmethod 344 0x0000024547496190 code [0x0000024547496320, 0x00000245474963f8]
Event: 0.189 Thread 0x000002455592b0b0  352       3       sun.security.util.DisabledAlgorithmConstraints::permits (70 bytes)
Event: 0.189 Thread 0x000002455592b0b0 nmethod 352 0x000002453fa25190 code [0x000002453fa253a0, 0x000002453fa25a28]
Event: 0.189 Thread 0x000002455592b0b0  354       3       java.util.Arrays$ArrayList::size (6 bytes)
Event: 0.189 Thread 0x000002455592b0b0 nmethod 354 0x000002453fa25c90 code [0x000002453fa25e20, 0x000002453fa25f38]
Event: 0.189 Thread 0x000002455592b0b0  355       3       sun.security.ssl.CipherSuite::supports (11 bytes)
Event: 0.189 Thread 0x000002455592b0b0 nmethod 355 0x000002453fa26010 code [0x000002453fa261c0, 0x000002453fa26388]
Event: 0.189 Thread 0x000002455592b0b0  356       3       java.util.Arrays$ArrayList::contains (14 bytes)
Event: 0.189 Thread 0x000002455592b0b0 nmethod 356 0x000002453fa26490 code [0x000002453fa26640, 0x000002453fa267e8]
Event: 0.189 Thread 0x000002455592b0b0  353       3       java.util.ImmutableCollections$ListN::get (7 bytes)
Event: 0.189 Thread 0x000002455592b0b0 nmethod 353 0x000002453fa26890 code [0x000002453fa26a20, 0x000002453fa26b58]
Event: 0.189 Thread 0x000002455592b0b0  358       3       java.lang.ref.SoftReference::get (29 bytes)
Event: 0.189 Thread 0x000002455592b0b0 nmethod 358 0x000002453fa26c10 code [0x000002453fa26da0, 0x000002453fa26f78]
Event: 0.189 Thread 0x000002455592b0b0  357   !   3       sun.security.util.DisabledAlgorithmConstraints::cachedCheckAlgorithm (116 bytes)
Event: 0.190 Thread 0x000002455592b0b0 nmethod 357 0x000002453fa27010 code [0x000002453fa272a0, 0x000002453fa281a8]
Event: 0.190 Thread 0x000002455592b0b0  345       1       java.util.ArrayList::size (5 bytes)
Event: 0.190 Thread 0x000002455592b0b0 nmethod 345 0x0000024547496490 code [0x0000024547496620, 0x00000245474966f8]

GC Heap History (0 events):
No events

Dll operation events (1 events):
Event: 0.006 Loaded shared library C:\Users\Uno Dos\AppData\Local\Programs\WebStorm\jbr\bin\java.dll

Deoptimization events (0 events):
No events

Classes unloaded (0 events):
No events

Classes redefined (0 events):
No events

Internal exceptions (7 events):
Event: 0.150 Thread 0x000002453c23c2c0 Exception <a 'sun/nio/fs/WindowsException'{0x000000008d175858}> (0x000000008d175858) 
thrown [s\src\hotspot\share\prims\jni.cpp, line 517]
Event: 0.163 Thread 0x000002453c23c2c0 Exception <a 'java/lang/NoSuchMethodError'{0x000000008d1a0ff8}: 'int java.lang.invoke.DirectMethodHandle$Holder.invokeStaticInit(java.lang.Object, java.lang.Object, java.lang.Object, java.lang.Object)'> (0x000000008d1a0ff8) 
thrown [s\src\hotspot\share\interpreter\linkResolver.cpp, line 771]
Event: 0.164 Thread 0x000002453c23c2c0 Exception <a 'java/lang/NoSuchMethodError'{0x000000008d1abcc8}: 'java.lang.Object java.lang.invoke.DirectMethodHandle$Holder.invokeInterface(java.lang.Object, java.lang.Object)'> (0x000000008d1abcc8) 
thrown [s\src\hotspot\share\interpreter\linkResolver.cpp, line 771]
Event: 0.164 Thread 0x000002453c23c2c0 Exception <a 'java/lang/IncompatibleClassChangeError'{0x000000008d1af5e8}: Found class java.lang.Object, but interface was expected> (0x000000008d1af5e8) 
thrown [s\src\hotspot\share\interpreter\linkResolver.cpp, line 838]
Event: 0.164 Thread 0x000002453c23c2c0 Exception <a 'java/lang/NoSuchMethodError'{0x000000008d1b2998}: 'void java.lang.invoke.DirectMethodHandle$Holder.invokeStatic(java.lang.Object, java.lang.Object)'> (0x000000008d1b2998) 
thrown [s\src\hotspot\share\interpreter\linkResolver.cpp, line 771]
Event: 0.165 Thread 0x000002453c23c2c0 Exception <a 'java/lang/NoSuchMethodError'{0x000000008d1b62b0}: 'void java.lang.invoke.DirectMethodHandle$Holder.invokeStaticInit(java.lang.Object, java.lang.Object)'> (0x000000008d1b62b0) 
thrown [s\src\hotspot\share\interpreter\linkResolver.cpp, line 771]
Event: 0.166 Thread 0x000002453c23c2c0 Exception <a 'java/lang/NoSuchMethodError'{0x000000008d1bcb28}: 'int java.lang.invoke.DirectMethodHandle$Holder.invokeStaticInit(java.lang.Object, java.lang.Object)'> (0x000000008d1bcb28) 
thrown [s\src\hotspot\share\interpreter\linkResolver.cpp, line 771]

VM Operations (4 events):
Event: 0.083 Executing VM operation: HandshakeAllThreads
Event: 0.083 Executing VM operation: HandshakeAllThreads done
Event: 0.093 Executing VM operation: HandshakeAllThreads
Event: 0.093 Executing VM operation: HandshakeAllThreads done

Events (20 events):
Event: 0.190 loading class sun/security/ssl/SSLSessionContextImpl
Event: 0.190 loading class javax/net/ssl/SSLSessionContext
Event: 0.190 loading class javax/net/ssl/SSLSessionContext done
Event: 0.190 loading class sun/security/ssl/SSLSessionContextImpl done
Event: 0.190 loading class sun/security/action/GetIntegerAction
Event: 0.190 loading class sun/security/action/GetIntegerAction done
Event: 0.190 loading class sun/security/util/Cache
Event: 0.190 loading class sun/security/util/Cache done
Event: 0.190 loading class sun/security/util/MemoryCache
Event: 0.191 loading class sun/security/util/MemoryCache done
Event: 0.191 loading class sun/security/ssl/DummyX509KeyManager
Event: 0.191 loading class javax/net/ssl/X509ExtendedKeyManager
Event: 0.191 loading class javax/net/ssl/X509KeyManager
Event: 0.191 loading class javax/net/ssl/KeyManager
Event: 0.191 loading class javax/net/ssl/KeyManager done
Event: 0.191 loading class javax/net/ssl/X509KeyManager done
Event: 0.191 loading class javax/net/ssl/X509ExtendedKeyManager done
Event: 0.191 loading class sun/security/ssl/DummyX509KeyManager done
Event: 0.191 loading class java/security/SecureRandom
Event: 0.191 loading class java/util/Random


Dynamic libraries:
0x00007ff746c80000 - 0x00007ff746c8a000 	C:\Users\Uno Dos\AppData\Local\Programs\WebStorm\jbr\bin\java.exe
0x00007ffcccf50000 - 0x00007ffccd167000 	C:\windows\SYSTEM32\ntdll.dll
0x00007ffccc180000 - 0x00007ffccc244000 	C:\windows\System32\KERNEL32.DLL
0x00007ffcca730000 - 0x00007ffccaad7000 	C:\windows\System32\KERNELBASE.dll
0x00007ffcca610000 - 0x00007ffcca721000 	C:\windows\System32\ucrtbase.dll
0x00007ffca9350000 - 0x00007ffca9367000 	C:\Users\Uno Dos\AppData\Local\Programs\WebStorm\jbr\bin\jli.dll
0x00007ffcaff20000 - 0x00007ffcaff3b000 	C:\Users\Uno Dos\AppData\Local\Programs\WebStorm\jbr\bin\VCRUNTIME140.dll
0x00007ffcccd10000 - 0x00007ffcccebe000 	C:\windows\System32\USER32.dll
0x00007ffccaae0000 - 0x00007ffccab06000 	C:\windows\System32\win32u.dll
0x00007ffcaa630000 - 0x00007ffcaa8c3000 	C:\windows\WinSxS\amd64_microsoft.windows.common-controls_6595b64144ccf1df_6.0.22621.3527_none_270e469b73872a76\COMCTL32.dll
0x00007ffcccee0000 - 0x00007ffcccf09000 	C:\windows\System32\GDI32.dll
0x00007ffccc910000 - 0x00007ffccc9b7000 	C:\windows\System32\msvcrt.dll
0x00007ffcca4f0000 - 0x00007ffcca609000 	C:\windows\System32\gdi32full.dll
0x00007ffcca360000 - 0x00007ffcca3fa000 	C:\windows\System32\msvcp_win.dll
0x00007ffccca90000 - 0x00007ffcccac1000 	C:\windows\System32\IMM32.DLL
0x00007ffcb8c10000 - 0x00007ffcb8c1c000 	C:\Users\Uno Dos\AppData\Local\Programs\WebStorm\jbr\bin\vcruntime140_1.dll
0x00007ffc87780000 - 0x00007ffc8780d000 	C:\Users\Uno Dos\AppData\Local\Programs\WebStorm\jbr\bin\msvcp140.dll
0x00007ffc814e0000 - 0x00007ffc82163000 	C:\Users\Uno Dos\AppData\Local\Programs\WebStorm\jbr\bin\server\jvm.dll
0x00007ffccc7f0000 - 0x00007ffccc8a2000 	C:\windows\System32\ADVAPI32.dll
0x00007ffccb590000 - 0x00007ffccb638000 	C:\windows\System32\sechost.dll
0x00007ffcca400000 - 0x00007ffcca428000 	C:\windows\System32\bcrypt.dll
0x00007ffccc6d0000 - 0x00007ffccc7e5000 	C:\windows\System32\RPCRT4.dll
0x00007ffcc9460000 - 0x00007ffcc94ad000 	C:\windows\SYSTEM32\POWRPROF.dll
0x00007ffca6220000 - 0x00007ffca6229000 	C:\windows\SYSTEM32\WSOCK32.dll
0x00007ffccc080000 - 0x00007ffccc0f1000 	C:\windows\System32\WS2_32.dll
0x00007ffcc0610000 - 0x00007ffcc0644000 	C:\windows\SYSTEM32\WINMM.dll
0x00007ffcbdb60000 - 0x00007ffcbdb6a000 	C:\windows\SYSTEM32\VERSION.dll
0x00007ffcc9440000 - 0x00007ffcc9453000 	C:\windows\SYSTEM32\UMPDC.dll
0x00007ffcc92e0000 - 0x00007ffcc92f8000 	C:\windows\SYSTEM32\kernel.appcore.dll
0x00007ffcc4ec0000 - 0x00007ffcc4eca000 	C:\Users\Uno Dos\AppData\Local\Programs\WebStorm\jbr\bin\jimage.dll
0x00007ffcc78c0000 - 0x00007ffcc7af2000 	C:\windows\SYSTEM32\DBGHELP.DLL
0x00007ffccb1e0000 - 0x00007ffccb568000 	C:\windows\System32\combase.dll
0x00007ffccbea0000 - 0x00007ffccbf77000 	C:\windows\System32\OLEAUT32.dll
0x00007ffca5440000 - 0x00007ffca5472000 	C:\windows\SYSTEM32\dbgcore.DLL
0x00007ffcca2e0000 - 0x00007ffcca359000 	C:\windows\System32\bcryptPrimitives.dll
0x00007ffcc4e20000 - 0x00007ffcc4e45000 	C:\Users\Uno Dos\AppData\Local\Programs\WebStorm\jbr\bin\java.dll
0x00007ffcc4e80000 - 0x00007ffcc4e98000 	C:\Users\Uno Dos\AppData\Local\Programs\WebStorm\jbr\bin\zip.dll
0x00007ffccb640000 - 0x00007ffccbe9c000 	C:\windows\System32\SHELL32.dll
0x00007ffcc8160000 - 0x00007ffcc8a56000 	C:\windows\SYSTEM32\windows.storage.dll
0x00007ffcc8020000 - 0x00007ffcc815e000 	C:\windows\SYSTEM32\wintypes.dll
0x00007ffccad30000 - 0x00007ffccae25000 	C:\windows\System32\SHCORE.dll
0x00007ffccc9c0000 - 0x00007ffccca1e000 	C:\windows\System32\shlwapi.dll
0x00007ffcca1a0000 - 0x00007ffcca1c1000 	C:\windows\SYSTEM32\profapi.dll
0x00007ffcc4db0000 - 0x00007ffcc4dc9000 	C:\Users\Uno Dos\AppData\Local\Programs\WebStorm\jbr\bin\net.dll
0x00007ffcc2c00000 - 0x00007ffcc2d36000 	C:\windows\SYSTEM32\WINHTTP.dll
0x00007ffcc97f0000 - 0x00007ffcc9859000 	C:\windows\system32\mswsock.dll
0x00007ffca9410000 - 0x00007ffca9426000 	C:\Users\Uno Dos\AppData\Local\Programs\WebStorm\jbr\bin\nio.dll
0x00007ffcc9a50000 - 0x00007ffcc9a6b000 	C:\windows\SYSTEM32\CRYPTSP.dll
0x00007ffcc9230000 - 0x00007ffcc9265000 	C:\windows\system32\rsaenh.dll
0x00007ffcc98f0000 - 0x00007ffcc9918000 	C:\windows\SYSTEM32\USERENV.dll
0x00007ffcc9a70000 - 0x00007ffcc9a7c000 	C:\windows\SYSTEM32\CRYPTBASE.dll
0x00007ffcc8cc0000 - 0x00007ffcc8ced000 	C:\windows\SYSTEM32\IPHLPAPI.DLL
0x00007ffccca20000 - 0x00007ffccca29000 	C:\windows\System32\NSI.dll
0x00007ffcbd310000 - 0x00007ffcbd329000 	C:\windows\SYSTEM32\dhcpcsvc6.DLL
0x00007ffcbdc00000 - 0x00007ffcbdc1f000 	C:\windows\SYSTEM32\dhcpcsvc.DLL
0x00007ffcc8d30000 - 0x00007ffcc8e28000 	C:\windows\SYSTEM32\DNSAPI.dll

dbghelp: loaded successfully - version: 4.0.5 - missing functions: none
symbol engine: initialized successfully - sym options: 0x614 - pdb path: .;C:\Users\Uno Dos\AppData\Local\Programs\WebStorm\jbr\bin;C:\windows\SYSTEM32;C:\windows\WinSxS\amd64_microsoft.windows.common-controls_6595b64144ccf1df_6.0.22621.3527_none_270e469b73872a76;C:\Users\Uno Dos\AppData\Local\Programs\WebStorm\jbr\bin\server

VM Arguments:
java_command: git4idea.http.GitAskPassApp Username for 'https://github.com': 
java_class_path (initial): C:/Users/Uno Dos/AppData/Local/Programs/WebStorm/plugins/vcs-git/lib/git4idea-rt.jar;C:/Users/Uno Dos/AppData/Local/Programs/WebStorm/lib/externalProcess-rt.jar
Launcher Type: SUN_STANDARD

[Global flags]
     intx CICompilerCount                          = 3                                         {product} {ergonomic}
     uint ConcGCThreads                            = 1                                         {product} {ergonomic}
     uint G1ConcRefinementThreads                  = 4                                         {product} {ergonomic}
   size_t G1HeapRegionSize                         = 1048576                                   {product} {ergonomic}
    uintx GCDrainStackTargetSize                   = 64                                        {product} {ergonomic}
   size_t InitialHeapSize                          = 130023424                                 {product} {ergonomic}
   size_t MarkStackSize                            = 4194304                                   {product} {ergonomic}
   size_t MaxHeapSize                              = 2055208960                                {product} {ergonomic}
   size_t MaxNewSize                               = 1233125376                                {product} {ergonomic}
   size_t MinHeapDeltaBytes                        = 1048576                                   {product} {ergonomic}
   size_t MinHeapSize                              = 8388608                                   {product} {ergonomic}
    uintx NonNMethodCodeHeapSize                   = 5832780                                {pd product} {ergonomic}
    uintx NonProfiledCodeHeapSize                  = 122912730                              {pd product} {ergonomic}
    uintx ProfiledCodeHeapSize                     = 122912730                              {pd product} {ergonomic}
    uintx ReservedCodeCacheSize                    = 251658240                              {pd product} {ergonomic}
     bool SegmentedCodeCache                       = true                                      {product} {ergonomic}
   size_t SoftMaxHeapSize                          = 2055208960                             {manageable} {ergonomic}
     bool UseCompressedClassPointers               = true                           {product lp64_product} {ergonomic}
     bool UseCompressedOops                        = true                           {product lp64_product} {ergonomic}
     bool UseG1GC                                  = true                                      {product} {ergonomic}
     bool UseLargePagesIndividualAllocation        = false                                  {pd product} {ergonomic}

Logging:
Log output configuration:
 #0: stdout all=warning uptime,level,tags
 #1: stderr all=off uptime,level,tags

Environment Variables:
PATH=C:/Program Files/Git/mingw64/libexec/git-core;C:/Program Files/Git/mingw64/libexec/git-core;C:\Program Files\Git\mingw64\bin;C:\Program Files\Git\usr\bin;C:\Users\Uno Dos\bin;C:\windows\system32;C:\windows;C:\windows\System32\Wbem;C:\windows\System32\WindowsPowerShell\v1.0\;C:\windows\System32\OpenSSH\;C:\Program Files\Git\cmd;C:\Program Files\nodejs\;C:\Program Files\PuTTY\;C:\Users\Uno Dos\AppData\Local\Microsoft\WindowsApps;C:\Users\Uno Dos\AppData\Local\JetBrains\Toolbox\scripts;C:\Users\Uno Dos\AppData\Roaming\npm;C:\Users\Uno Dos\AppData\Local\Programs\Microsoft VS Code\bin
USERNAME=Uno Dos
DISPLAY=:0.0
LC_ALL=en_US.UTF-8
TERM=xterm-256color
TMPDIR=C:\Users\UNODOS~1\AppData\Local\Temp
OS=Windows_NT
PROCESSOR_IDENTIFIER=Intel64 Family 6 Model 140 Stepping 2, GenuineIntel
TMP=C:\Users\UNODOS~1\AppData\Local\Temp
TEMP=C:\Users\UNODOS~1\AppData\Local\Temp



Periodic native trim disabled

JNI global refs:
JNI global refs: 17, weak refs: 0

JNI global refs memory usage: 843, weak refs: 209

OOME stack traces (most recent first):
Classloader memory used:
Loader bootstrap                                                                       : 1211K
Loader jdk.internal.loader.ClassLoaders$PlatformClassLoader                            : 8801B
Loader jdk.internal.loader.ClassLoaders$AppClassLoader                                 : 1808B


---------------  S Y S T E M  ---------------

OS:
 Windows 11 , 64 bit Build 22621 (10.0.22621.3527)
OS uptime: 1 days 6:27 hours
Hyper-V role detected

CPU: total 4 (initial active 4) (2 cores per cpu, 2 threads per core) family 6 model 140 stepping 2 microcode 0x34, cx8, cmov, fxsr, ht, mmx, 3dnowpref, sse, sse2, sse3, ssse3, sse4.1, sse4.2, popcnt, lzcnt, tsc, tscinvbit, avx, avx2, aes, erms, clmul, bmi1, bmi2, adx, avx512f, avx512dq, avx512cd, avx512bw, avx512vl, sha, fma, vzeroupper, avx512_vpopcntdq, avx512_vpclmulqdq, avx512_vaes, avx512_vnni, clflush, clflushopt, clwb, avx512_vbmi2, avx512_vbmi, hv
Processor Information for processor 0
  Max Mhz: 2901, Current Mhz: 2901, Mhz Limit: 2901
Processor Information for processor 1
  Max Mhz: 2901, Current Mhz: 1100, Mhz Limit: 2901
Processor Information for processor 2
  Max Mhz: 2901, Current Mhz: 1100, Mhz Limit: 2901
Processor Information for processor 3
  Max Mhz: 2901, Current Mhz: 2901, Mhz Limit: 2901

Memory: 4k page, system-wide physical 7834M (679M free)
TotalPageFile size 31386M (AvailPageFile size 4M)
current process WorkingSet (physical memory assigned to process): 45M, peak: 45M
current process commit charge ("private bytes"): 199M, peak: 200M

vm_info: OpenJDK 64-Bit Server VM (17.0.10+1-b1087.23) for windows-amd64 JRE (17.0.10+1-b1087.23), built on 2024-03-18 by "builduser" with MS VC++ 16.10 / 16.11 (VS2019)

END.
